2022-05-18 16:05:679 INFO  HomePage :35 - Sending Username to user filed : [[ChromeDriver: chrome on WINDOWS (024aed65c714f7d9e83317a925124854)] -> xpath: //input[@id='user-name']]
2022-05-18 16:05:752 INFO  HomePage :40 - Sending Password to Password filed : [[ChromeDriver: chrome on WINDOWS (024aed65c714f7d9e83317a925124854)] -> xpath: //input[@id='password']]
2022-05-18 16:05:815 INFO  HomePage :45 - Clicking on Login Button : [[ChromeDriver: chrome on WINDOWS (024aed65c714f7d9e83317a925124854)] -> xpath: //input[@id='login-button']]
2022-05-18 16:05:645 INFO  HomePage :35 - Sending Username to user filed : [[ChromeDriver: chrome on WINDOWS (5f9b6d57085119a004d4cf2aee643f15)] -> xpath: //input[@id='user-name']]
2022-05-18 16:05:719 INFO  HomePage :40 - Sending Password to Password filed : [[ChromeDriver: chrome on WINDOWS (5f9b6d57085119a004d4cf2aee643f15)] -> xpath: //input[@id='password']]
2022-05-18 16:05:792 INFO  HomePage :45 - Clicking on Login Button : [[ChromeDriver: chrome on WINDOWS (5f9b6d57085119a004d4cf2aee643f15)] -> xpath: //input[@id='login-button']]
2022-05-18 16:05:843 INFO  HomePage :35 - Sending Username to user filed : [[ChromeDriver: chrome on WINDOWS (5b2100777261364aa3f33a98b4e65be8)] -> xpath: //input[@id='user-name']]
2022-05-18 16:05:912 INFO  HomePage :40 - Sending Password to Password filed : [[ChromeDriver: chrome on WINDOWS (5b2100777261364aa3f33a98b4e65be8)] -> xpath: //input[@id='password']]
2022-05-18 16:05:16 INFO  HomePage :45 - Clicking on Login Button : [[ChromeDriver: chrome on WINDOWS (5b2100777261364aa3f33a98b4e65be8)] -> xpath: //input[@id='login-button']]
2022-05-18 16:05:422 INFO  HomePage :35 - Sending Username to user filed : [[ChromeDriver: chrome on WINDOWS (1baae199c6bc12fc1020a9500bdfcdea)] -> xpath: //input[@id='user-name']]
2022-05-18 16:05:495 INFO  HomePage :40 - Sending Password to Password filed : [[ChromeDriver: chrome on WINDOWS (1baae199c6bc12fc1020a9500bdfcdea)] -> xpath: //input[@id='password']]
2022-05-18 16:05:603 INFO  HomePage :45 - Clicking on Login Button : [[ChromeDriver: chrome on WINDOWS (1baae199c6bc12fc1020a9500bdfcdea)] -> xpath: //input[@id='login-button']]
2022-05-18 16:05:688 INFO  ProductPage :27 - Selecting by : [[ChromeDriver: chrome on WINDOWS (1baae199c6bc12fc1020a9500bdfcdea)] -> xpath: //select[@class='product_sort_container']]
2022-05-18 17:05:908 INFO  HomePage :35 - Sending Username to user filed : [[ChromeDriver: chrome on WINDOWS (e81fb6c15456a6702ec33bf11e732b02)] -> xpath: //input[@id='user-name']]
2022-05-18 17:05:976 INFO  HomePage :40 - Sending Password to Password filed : [[ChromeDriver: chrome on WINDOWS (e81fb6c15456a6702ec33bf11e732b02)] -> xpath: //input[@id='password']]
2022-05-18 17:05:75 INFO  HomePage :45 - Clicking on Login Button : [[ChromeDriver: chrome on WINDOWS (e81fb6c15456a6702ec33bf11e732b02)] -> xpath: //input[@id='login-button']]
2022-05-18 17:05:162 INFO  ProductPage :36 - Selecting by : [[ChromeDriver: chrome on WINDOWS (e81fb6c15456a6702ec33bf11e732b02)] -> xpath: //select[@class='product_sort_container']]
2022-05-18 17:05:892 INFO  HomePage :35 - Sending Username to user filed : [[ChromeDriver: chrome on WINDOWS (bcf6a4070b386236d03ce435849e0d46)] -> xpath: //input[@id='user-name']]
2022-05-18 17:05:964 INFO  HomePage :40 - Sending Password to Password filed : [[ChromeDriver: chrome on WINDOWS (bcf6a4070b386236d03ce435849e0d46)] -> xpath: //input[@id='password']]
2022-05-18 17:05:57 INFO  HomePage :45 - Clicking on Login Button : [[ChromeDriver: chrome on WINDOWS (bcf6a4070b386236d03ce435849e0d46)] -> xpath: //input[@id='login-button']]
2022-05-18 17:05:145 INFO  ProductPage :36 - Selecting by : [[ChromeDriver: chrome on WINDOWS (bcf6a4070b386236d03ce435849e0d46)] -> xpath: //select[@class='product_sort_container']]
2022-05-18 17:05:218 INFO  ProductPage :46 - Selecting Cheapest Product : [[ChromeDriver: chrome on WINDOWS (bcf6a4070b386236d03ce435849e0d46)] -> xpath: //div[@class='inventory_list']/div[6]/div/div/button]
2022-05-18 17:05:340 INFO  ProductPage :41 - Selecting Costlier Product : [[ChromeDriver: chrome on WINDOWS (bcf6a4070b386236d03ce435849e0d46)] -> xpath: //div[@class='inventory_list']/div[1]/div/div/button]
2022-05-18 17:05:940 INFO  HomePage :35 - Sending Username to user filed : [[ChromeDriver: chrome on WINDOWS (1e18857d1fa74e9ac802d76a1cf67289)] -> xpath: //input[@id='user-name']]
2022-05-18 17:05:10 INFO  HomePage :40 - Sending Password to Password filed : [[ChromeDriver: chrome on WINDOWS (1e18857d1fa74e9ac802d76a1cf67289)] -> xpath: //input[@id='password']]
2022-05-18 17:05:117 INFO  HomePage :45 - Clicking on Login Button : [[ChromeDriver: chrome on WINDOWS (1e18857d1fa74e9ac802d76a1cf67289)] -> xpath: //input[@id='login-button']]
2022-05-18 17:05:208 INFO  ProductPage :39 - Selecting by : [[ChromeDriver: chrome on WINDOWS (1e18857d1fa74e9ac802d76a1cf67289)] -> xpath: //select[@class='product_sort_container']]
2022-05-18 17:05:254 INFO  ProductPage :49 - Selecting Cheapest Product : [[ChromeDriver: chrome on WINDOWS (1e18857d1fa74e9ac802d76a1cf67289)] -> xpath: //div[@class='inventory_list']/div[6]/div/div/button]
2022-05-18 17:05:299 INFO  ProductPage :44 - Selecting Costlier Product : [[ChromeDriver: chrome on WINDOWS (1e18857d1fa74e9ac802d76a1cf67289)] -> xpath: //div[@class='inventory_list']/div[1]/div/div/button]
2022-05-18 17:05:359 INFO  ProductPage :54 - Clicking On Shopping Cart Button  : [[ChromeDriver: chrome on WINDOWS (1e18857d1fa74e9ac802d76a1cf67289)] -> xpath: //a[@class='shopping_cart_link']]
2022-05-18 18:05:908 INFO  HomePage :35 - Sending Username to user filed : [[ChromeDriver: chrome on WINDOWS (069f24bf78a661dd070a58a00c31ad8f)] -> xpath: //input[@id='user-name']]
2022-05-18 18:05:979 INFO  HomePage :40 - Sending Password to Password filed : [[ChromeDriver: chrome on WINDOWS (069f24bf78a661dd070a58a00c31ad8f)] -> xpath: //input[@id='password']]
2022-05-18 18:05:68 INFO  HomePage :45 - Clicking on Login Button : [[ChromeDriver: chrome on WINDOWS (069f24bf78a661dd070a58a00c31ad8f)] -> xpath: //input[@id='login-button']]
2022-05-18 18:05:152 INFO  ProductPage :39 - Selecting by : [[ChromeDriver: chrome on WINDOWS (069f24bf78a661dd070a58a00c31ad8f)] -> xpath: //select[@class='product_sort_container']]
2022-05-18 18:05:196 INFO  ProductPage :49 - Selecting Cheapest Product : [[ChromeDriver: chrome on WINDOWS (069f24bf78a661dd070a58a00c31ad8f)] -> xpath: //div[@class='inventory_list']/div[6]/div/div/button]
2022-05-18 18:05:239 INFO  ProductPage :44 - Selecting Costlier Product : [[ChromeDriver: chrome on WINDOWS (069f24bf78a661dd070a58a00c31ad8f)] -> xpath: //div[@class='inventory_list']/div[1]/div/div/button]
2022-05-18 18:05:285 INFO  ProductPage :54 - Clicking On Shopping Cart Button  : [[ChromeDriver: chrome on WINDOWS (069f24bf78a661dd070a58a00c31ad8f)] -> xpath: //a[@class='shopping_cart_link']]
2022-05-18 18:05:334 INFO  CheckOutPage :45 - Clicking on Checkout button : [[ChromeDriver: chrome on WINDOWS (069f24bf78a661dd070a58a00c31ad8f)] -> xpath: //button[@id='checkout']]
2022-05-18 18:05:409 INFO  CheckOutPage :51 - Sending first name : [[ChromeDriver: chrome on WINDOWS (069f24bf78a661dd070a58a00c31ad8f)] -> xpath: //input[@id='first-name']]
2022-05-18 18:05:478 INFO  CheckOutPage :56 - Sending Last name : [[ChromeDriver: chrome on WINDOWS (069f24bf78a661dd070a58a00c31ad8f)] -> xpath: //input[@id='last-name']]
2022-05-18 18:05:555 INFO  CheckOutPage :60 - Sending Postcode : [[ChromeDriver: chrome on WINDOWS (069f24bf78a661dd070a58a00c31ad8f)] -> xpath: //input[@id='postal-code']]
2022-05-18 18:05:615 INFO  CheckOutPage :65 - Clicking on Continue Button : [[ChromeDriver: chrome on WINDOWS (069f24bf78a661dd070a58a00c31ad8f)] -> xpath: //input[@id='continue']]
2022-05-18 18:05:664 INFO  CheckOutPage :70 - Clicking on Finish Button : [[ChromeDriver: chrome on WINDOWS (069f24bf78a661dd070a58a00c31ad8f)] -> xpath: //button[@id='finish']]
2022-05-18 18:05:678 INFO  CheckOutPage :74 - Getting Confirm Message : [[ChromeDriver: chrome on WINDOWS (069f24bf78a661dd070a58a00c31ad8f)] -> xpath: //h2[@class='complete-header']]
2022-05-18 18:05:54 INFO  HomePage :35 - Sending Username to user filed : [[ChromeDriver: chrome on WINDOWS (cf4ade8a525c198f461ccd8a3168bb0a)] -> xpath: //input[@id='user-name']]
2022-05-18 18:05:119 INFO  HomePage :40 - Sending Password to Password filed : [[ChromeDriver: chrome on WINDOWS (cf4ade8a525c198f461ccd8a3168bb0a)] -> xpath: //input[@id='password']]
2022-05-18 18:05:209 INFO  HomePage :45 - Clicking on Login Button : [[ChromeDriver: chrome on WINDOWS (cf4ade8a525c198f461ccd8a3168bb0a)] -> xpath: //input[@id='login-button']]
2022-05-18 18:05:308 INFO  ProductPage :39 - Selecting by : [[ChromeDriver: chrome on WINDOWS (cf4ade8a525c198f461ccd8a3168bb0a)] -> xpath: //select[@class='product_sort_container']]
2022-05-18 18:05:393 INFO  ProductPage :49 - Selecting Cheapest Product : [[ChromeDriver: chrome on WINDOWS (cf4ade8a525c198f461ccd8a3168bb0a)] -> xpath: //div[@class='inventory_list']/div[6]/div/div/button]
2022-05-18 18:05:434 INFO  ProductPage :44 - Selecting Costlier Product : [[ChromeDriver: chrome on WINDOWS (cf4ade8a525c198f461ccd8a3168bb0a)] -> xpath: //div[@class='inventory_list']/div[1]/div/div/button]
2022-05-18 18:05:487 INFO  ProductPage :54 - Clicking On Shopping Cart Button  : [[ChromeDriver: chrome on WINDOWS (cf4ade8a525c198f461ccd8a3168bb0a)] -> xpath: //a[@class='shopping_cart_link']]
2022-05-18 18:05:535 INFO  CheckOutPage :45 - Clicking on Checkout button : [[ChromeDriver: chrome on WINDOWS (cf4ade8a525c198f461ccd8a3168bb0a)] -> xpath: //button[@id='checkout']]
2022-05-18 18:05:610 INFO  CheckOutPage :51 - Sending first name : [[ChromeDriver: chrome on WINDOWS (cf4ade8a525c198f461ccd8a3168bb0a)] -> xpath: //input[@id='first-name']]
2022-05-18 18:05:684 INFO  CheckOutPage :56 - Sending Last name : [[ChromeDriver: chrome on WINDOWS (cf4ade8a525c198f461ccd8a3168bb0a)] -> xpath: //input[@id='last-name']]
2022-05-18 18:05:765 INFO  CheckOutPage :60 - Sending Postcode : [[ChromeDriver: chrome on WINDOWS (cf4ade8a525c198f461ccd8a3168bb0a)] -> xpath: //input[@id='postal-code']]
2022-05-18 18:05:826 INFO  CheckOutPage :65 - Clicking on Continue Button : [[ChromeDriver: chrome on WINDOWS (cf4ade8a525c198f461ccd8a3168bb0a)] -> xpath: //input[@id='continue']]
2022-05-18 18:05:878 INFO  CheckOutPage :70 - Clicking on Finish Button : [[ChromeDriver: chrome on WINDOWS (cf4ade8a525c198f461ccd8a3168bb0a)] -> xpath: //button[@id='finish']]
2022-05-18 18:05:894 INFO  CheckOutPage :74 - Getting Confirm Message : [[ChromeDriver: chrome on WINDOWS (cf4ade8a525c198f461ccd8a3168bb0a)] -> xpath: //h2[@class='complete-header']]
2022-05-18 19:05:478 INFO  HomePage :35 - Sending Username to user filed : [[ChromeDriver: chrome on WINDOWS (4deaebea824f606859b5172ef00edb92)] -> xpath: //input[@id='user-name']]
2022-05-18 19:05:547 INFO  HomePage :40 - Sending Password to Password filed : [[ChromeDriver: chrome on WINDOWS (4deaebea824f606859b5172ef00edb92)] -> xpath: //input[@id='password']]
2022-05-18 19:05:641 INFO  HomePage :45 - Clicking on Login Button : [[ChromeDriver: chrome on WINDOWS (4deaebea824f606859b5172ef00edb92)] -> xpath: //input[@id='login-button']]
2022-05-18 19:05:731 INFO  ProductPage :36 - Selecting by : [[ChromeDriver: chrome on WINDOWS (4deaebea824f606859b5172ef00edb92)] -> xpath: //select[@class='product_sort_container']]
2022-05-18 19:05:779 INFO  ProductPage :46 - Selecting Cheapest Product : [[ChromeDriver: chrome on WINDOWS (4deaebea824f606859b5172ef00edb92)] -> xpath: //div[@class='inventory_list']/div[6]/div/div/button]
2022-05-18 19:05:820 INFO  ProductPage :41 - Selecting Costlier Product : [[ChromeDriver: chrome on WINDOWS (4deaebea824f606859b5172ef00edb92)] -> xpath: //div[@class='inventory_list']/div[1]/div/div/button]
2022-05-18 19:05:870 INFO  ProductPage :51 - Clicking On Shopping Cart Button  : [[ChromeDriver: chrome on WINDOWS (4deaebea824f606859b5172ef00edb92)] -> xpath: //a[@class='shopping_cart_link']]
2022-05-18 19:05:922 INFO  CheckOutPage :45 - Clicking on Checkout button : [[ChromeDriver: chrome on WINDOWS (4deaebea824f606859b5172ef00edb92)] -> xpath: //button[@id='checkout']]
2022-05-18 19:05:06 INFO  CheckOutPage :51 - Sending first name : [[ChromeDriver: chrome on WINDOWS (4deaebea824f606859b5172ef00edb92)] -> xpath: //input[@id='first-name']]
2022-05-18 19:05:74 INFO  CheckOutPage :56 - Sending Last name : [[ChromeDriver: chrome on WINDOWS (4deaebea824f606859b5172ef00edb92)] -> xpath: //input[@id='last-name']]
2022-05-18 19:05:142 INFO  CheckOutPage :61 - Sending Postcode : [[ChromeDriver: chrome on WINDOWS (4deaebea824f606859b5172ef00edb92)] -> xpath: //input[@id='postal-code']]
2022-05-18 19:05:208 INFO  CheckOutPage :66 - Clicking on Continue Button : [[ChromeDriver: chrome on WINDOWS (4deaebea824f606859b5172ef00edb92)] -> xpath: //input[@id='continue']]
2022-05-18 19:05:264 INFO  CheckOutPage :71 - Clicking on Finish Button : [[ChromeDriver: chrome on WINDOWS (4deaebea824f606859b5172ef00edb92)] -> xpath: //button[@id='finish']]
2022-05-18 19:05:278 INFO  CheckOutPage :75 - Getting Confirm Message : [[ChromeDriver: chrome on WINDOWS (4deaebea824f606859b5172ef00edb92)] -> xpath: //h2[@class='complete-header']]
